2015-08-19 21:36:51 Error: [MissingComponentException] Component class ToolbarComponent could not be found.
Exception Attributes: array (
  'class' => 'ToolbarComponent',
  'plugin' => 'DebugKit',
)
Request URL: /cookbook/
Stack Trace:
#0 /opt/lampp/htdocs/cookbook/lib/Cake/Controller/ComponentCollection.php(53): ComponentCollection->load('DebugKit.Toolba...', Array)
#1 /opt/lampp/htdocs/cookbook/lib/Cake/Controller/Controller.php(643): ComponentCollection->init(Object(PagesController))
#2 /opt/lampp/htdocs/cookbook/lib/Cake/Routing/Dispatcher.php(188): Controller->constructClasses()
#3 /opt/lampp/htdocs/cookbook/lib/Cake/Routing/Dispatcher.php(167): Dispatcher->_invoke(Object(PagesController), Object(CakeRequest))
#4 /opt/lampp/htdocs/cookbook/app/webroot/index.php(108): Dispatcher->dispatch(Object(CakeRequest), Object(CakeResponse))
#5 {main}
2015-08-19 21:44:20 Error: [MissingComponentException] Component class ToolbarComponent could not be found.
Exception Attributes: array (
  'class' => 'ToolbarComponent',
  'plugin' => 'DebugKit',
)
Request URL: /cookbook/
Stack Trace:
#0 /opt/lampp/htdocs/cookbook/lib/Cake/Controller/ComponentCollection.php(53): ComponentCollection->load('DebugKit.Toolba...', Array)
#1 /opt/lampp/htdocs/cookbook/lib/Cake/Controller/Controller.php(643): ComponentCollection->init(Object(PagesController))
#2 /opt/lampp/htdocs/cookbook/lib/Cake/Routing/Dispatcher.php(188): Controller->constructClasses()
#3 /opt/lampp/htdocs/cookbook/lib/Cake/Routing/Dispatcher.php(167): Dispatcher->_invoke(Object(PagesController), Object(CakeRequest))
#4 /opt/lampp/htdocs/cookbook/app/webroot/index.php(108): Dispatcher->dispatch(Object(CakeRequest), Object(CakeResponse))
#5 {main}
2015-08-19 21:47:08 Error: Fatal Error (1): Class 'Cake\Controller\Component' not found in [/opt/lampp/htdocs/cookbook/app/Plugin/DebugKit/Controller/Component/ToolbarComponent.php, line 25]
2015-08-19 21:47:08 Error: [FatalErrorException] Class 'Cake\Controller\Component' not found
Request URL: /cookbook/
Stack Trace:
#0 /opt/lampp/htdocs/cookbook/lib/Cake/Error/ErrorHandler.php(203): ErrorHandler::handleFatalError(1, 'Class 'Cake\\Con...', '/opt/lampp/htdo...', 25)
#1 [internal function]: ErrorHandler::handleError(1, 'Class 'Cake\\Con...', '/opt/lampp/htdo...', 25, Array)
#2 /opt/lampp/htdocs/cookbook/lib/Cake/Core/App.php(931): call_user_func('ErrorHandler::h...', 1, 'Class 'Cake\\Con...', '/opt/lampp/htdo...', 25, Array)
#3 /opt/lampp/htdocs/cookbook/lib/Cake/Core/App.php(904): App::_checkFatalError()
#4 [internal function]: App::shutdown()
#5 {main}
2015-08-19 21:52:58 Error: [MissingComponentException] Component class ToolbarComponent could not be found.
Exception Attributes: array (
  'class' => 'ToolbarComponent',
  'plugin' => 'DebugKit',
)
Request URL: /cookbook/
Stack Trace:
#0 /opt/lampp/htdocs/cookbook/lib/Cake/Controller/ComponentCollection.php(53): ComponentCollection->load('DebugKit.Toolba...', Array)
#1 /opt/lampp/htdocs/cookbook/lib/Cake/Controller/Controller.php(643): ComponentCollection->init(Object(PagesController))
#2 /opt/lampp/htdocs/cookbook/lib/Cake/Routing/Dispatcher.php(188): Controller->constructClasses()
#3 /opt/lampp/htdocs/cookbook/lib/Cake/Routing/Dispatcher.php(167): Dispatcher->_invoke(Object(PagesController), Object(CakeRequest))
#4 /opt/lampp/htdocs/cookbook/app/webroot/index.php(108): Dispatcher->dispatch(Object(CakeRequest), Object(CakeResponse))
#5 {main}
2015-08-19 21:54:39 Error: [MissingControllerException] Controller class UsersController could not be found.
Exception Attributes: array (
  'class' => 'UsersController',
  'plugin' => NULL,
)
Request URL: /cookbook/users/login
Stack Trace:
#0 /opt/lampp/htdocs/cookbook/app/webroot/index.php(108): Dispatcher->dispatch(Object(CakeRequest), Object(CakeResponse))
#1 {main}
2015-08-19 21:54:58 Error: [MissingControllerException] Controller class UsersController could not be found.
Exception Attributes: array (
  'class' => 'UsersController',
  'plugin' => NULL,
)
Request URL: /cookbook/users/login
Stack Trace:
#0 /opt/lampp/htdocs/cookbook/app/webroot/index.php(108): Dispatcher->dispatch(Object(CakeRequest), Object(CakeResponse))
#1 {main}
2015-08-19 21:55:12 Error: Fatal Error (4): syntax error, unexpected ',', expecting ')' in [/opt/lampp/htdocs/cookbook/app/Controller/AppController.php, line 36]
2015-08-19 21:55:12 Error: [FatalErrorException] syntax error, unexpected ',', expecting ')'
Request URL: /cookbook/
Stack Trace:
#0 /opt/lampp/htdocs/cookbook/lib/Cake/Error/ErrorHandler.php(203): ErrorHandler::handleFatalError(4, 'syntax error, u...', '/opt/lampp/htdo...', 36)
#1 [internal function]: ErrorHandler::handleError(4, 'syntax error, u...', '/opt/lampp/htdo...', 36, Array)
#2 /opt/lampp/htdocs/cookbook/lib/Cake/Core/App.php(931): call_user_func('ErrorHandler::h...', 4, 'syntax error, u...', '/opt/lampp/htdo...', 36, Array)
#3 /opt/lampp/htdocs/cookbook/lib/Cake/Core/App.php(904): App::_checkFatalError()
#4 [internal function]: App::shutdown()
#5 {main}
2015-08-19 23:12:22 Error: [MissingControllerException] Controller class AdminController could not be found.
Exception Attributes: array (
  'class' => 'AdminController',
  'plugin' => NULL,
)
Request URL: /cookbook/admin/login
Stack Trace:
#0 /opt/lampp/htdocs/cookbook/app/webroot/index.php(108): Dispatcher->dispatch(Object(CakeRequest), Object(CakeResponse))
#1 {main}
2015-08-19 23:14:03 Error: [MissingViewException] View file "/opt/lampp/htdocs/cookbook/app/View/Products/admin_login.ctp" is missing.
Exception Attributes: array (
  'file' => '/opt/lampp/htdocs/cookbook/app/View/Products/admin_login.ctp',
)
Request URL: /cookbook/admin/products/login
Stack Trace:
#0 /opt/lampp/htdocs/cookbook/lib/Cake/View/View.php(470): View->_getViewFileName(NULL)
#1 /opt/lampp/htdocs/cookbook/lib/Cake/Controller/Controller.php(959): View->render(NULL, NULL)
#2 /opt/lampp/htdocs/cookbook/lib/Cake/Routing/Dispatcher.php(200): Controller->render()
#3 /opt/lampp/htdocs/cookbook/lib/Cake/Routing/Dispatcher.php(167): Dispatcher->_invoke(Object(ProductsController), Object(CakeRequest))
#4 /opt/lampp/htdocs/cookbook/app/webroot/index.php(108): Dispatcher->dispatch(Object(CakeRequest), Object(CakeResponse))
#5 {main}
2015-08-24 19:04:55 Error: [MissingActionException] Action BooksController::listing.xml() could not be found.
Exception Attributes: array (
  'controller' => 'BooksController',
  'action' => 'listing.xml',
)
Request URL: /cookbook//books/listing.xml
Stack Trace:
#0 /opt/lampp/htdocs/cookbook/lib/Cake/Routing/Dispatcher.php(193): Controller->invokeAction(Object(CakeRequest))
#1 /opt/lampp/htdocs/cookbook/lib/Cake/Routing/Dispatcher.php(167): Dispatcher->_invoke(Object(BooksController), Object(CakeRequest))
#2 /opt/lampp/htdocs/cookbook/app/webroot/index.php(108): Dispatcher->dispatch(Object(CakeRequest), Object(CakeResponse))
#3 {main}
2015-08-24 19:18:48 Error: [MissingViewException] View file "/opt/lampp/htdocs/cookbook/app/View/Books/json/listing.ctp" is missing.
Exception Attributes: array (
  'file' => '/opt/lampp/htdocs/cookbook/app/View/Books/json/listing.ctp',
)
Request URL: /cookbook//books/listing.json
Stack Trace:
#0 /opt/lampp/htdocs/cookbook/lib/Cake/View/JsonView.php(107): View->_getViewFileName(NULL)
#1 /opt/lampp/htdocs/cookbook/lib/Cake/Controller/Controller.php(959): JsonView->render(NULL, NULL)
#2 /opt/lampp/htdocs/cookbook/lib/Cake/Routing/Dispatcher.php(200): Controller->render()
#3 /opt/lampp/htdocs/cookbook/lib/Cake/Routing/Dispatcher.php(167): Dispatcher->_invoke(Object(BooksController), Object(CakeRequest))
#4 /opt/lampp/htdocs/cookbook/app/webroot/index.php(108): Dispatcher->dispatch(Object(CakeRequest), Object(CakeResponse))
#5 {main}
2015-08-24 19:19:21 Error: [MissingViewException] View file "/opt/lampp/htdocs/cookbook/app/View/Books/json/listing.ctp" is missing.
Exception Attributes: array (
  'file' => '/opt/lampp/htdocs/cookbook/app/View/Books/json/listing.ctp',
)
Request URL: /cookbook//books/listing.json
Stack Trace:
#0 /opt/lampp/htdocs/cookbook/lib/Cake/View/JsonView.php(107): View->_getViewFileName(NULL)
#1 /opt/lampp/htdocs/cookbook/lib/Cake/Controller/Controller.php(959): JsonView->render(NULL, NULL)
#2 /opt/lampp/htdocs/cookbook/lib/Cake/Routing/Dispatcher.php(200): Controller->render()
#3 /opt/lampp/htdocs/cookbook/lib/Cake/Routing/Dispatcher.php(167): Dispatcher->_invoke(Object(BooksController), Object(CakeRequest))
#4 /opt/lampp/htdocs/cookbook/app/webroot/index.php(108): Dispatcher->dispatch(Object(CakeRequest), Object(CakeResponse))
#5 {main}
2015-08-24 20:40:36 Error: [MissingViewException] View file "/opt/lampp/htdocs/cookbook/app/View/Books/xml/listing.ctp" is missing.
Exception Attributes: array (
  'file' => '/opt/lampp/htdocs/cookbook/app/View/Books/xml/listing.ctp',
)
Request URL: /cookbook//books/listing.xml
Stack Trace:
#0 /opt/lampp/htdocs/cookbook/lib/Cake/View/XmlView.php(104): View->_getViewFileName(NULL)
#1 /opt/lampp/htdocs/cookbook/lib/Cake/Controller/Controller.php(959): XmlView->render(NULL, NULL)
#2 /opt/lampp/htdocs/cookbook/lib/Cake/Routing/Dispatcher.php(200): Controller->render()
#3 /opt/lampp/htdocs/cookbook/lib/Cake/Routing/Dispatcher.php(167): Dispatcher->_invoke(Object(BooksController), Object(CakeRequest))
#4 /opt/lampp/htdocs/cookbook/app/webroot/index.php(108): Dispatcher->dispatch(Object(CakeRequest), Object(CakeResponse))
#5 {main}
2015-08-25 00:40:39 Error: [MissingViewException] View file "/opt/lampp/htdocs/cookbook/app/View/Uploads/upload.ctp" is missing.
Exception Attributes: array (
  'file' => '/opt/lampp/htdocs/cookbook/app/View/Uploads/upload.ctp',
)
Request URL: /cookbook/uploads/upload
Stack Trace:
#0 /opt/lampp/htdocs/cookbook/lib/Cake/View/View.php(470): View->_getViewFileName(NULL)
#1 /opt/lampp/htdocs/cookbook/lib/Cake/Controller/Controller.php(959): View->render(NULL, NULL)
#2 /opt/lampp/htdocs/cookbook/lib/Cake/Routing/Dispatcher.php(200): Controller->render()
#3 /opt/lampp/htdocs/cookbook/lib/Cake/Routing/Dispatcher.php(167): Dispatcher->_invoke(Object(UploadsController), Object(CakeRequest))
#4 /opt/lampp/htdocs/cookbook/app/webroot/index.php(108): Dispatcher->dispatch(Object(CakeRequest), Object(CakeResponse))
#5 {main}
2015-08-25 23:26:05 Error: [MissingComponentException] Component class cookiesComponent could not be found.
Exception Attributes: array (
  'class' => 'cookiesComponent',
  'plugin' => false,
)
Request URL: /cookbook/example/respond?text=Hello
Stack Trace:
#0 /opt/lampp/htdocs/cookbook/lib/Cake/Controller/ComponentCollection.php(53): ComponentCollection->load('cookies', Array)
#1 /opt/lampp/htdocs/cookbook/lib/Cake/Controller/Controller.php(643): ComponentCollection->init(Object(ExampleController))
#2 /opt/lampp/htdocs/cookbook/lib/Cake/Routing/Dispatcher.php(188): Controller->constructClasses()
#3 /opt/lampp/htdocs/cookbook/lib/Cake/Routing/Dispatcher.php(167): Dispatcher->_invoke(Object(ExampleController), Object(CakeRequest))
#4 /opt/lampp/htdocs/cookbook/app/webroot/index.php(108): Dispatcher->dispatch(Object(CakeRequest), Object(CakeResponse))
#5 {main}
2015-08-26 18:09:34 Error: Fatal Error (4): syntax error, unexpected '}' in [/opt/lampp/htdocs/cookbook/app/Controller/PostsController.php, line 23]
2015-08-26 18:09:34 Error: [FatalErrorException] syntax error, unexpected '}'
Request URL: /cookbook/posts/1.xml
Stack Trace:
#0 /opt/lampp/htdocs/cookbook/lib/Cake/Error/ErrorHandler.php(203): ErrorHandler::handleFatalError(4, 'syntax error, u...', '/opt/lampp/htdo...', 23)
#1 [internal function]: ErrorHandler::handleError(4, 'syntax error, u...', '/opt/lampp/htdo...', 23, Array)
#2 /opt/lampp/htdocs/cookbook/lib/Cake/Core/App.php(931): call_user_func('ErrorHandler::h...', 4, 'syntax error, u...', '/opt/lampp/htdo...', 23, Array)
#3 /opt/lampp/htdocs/cookbook/lib/Cake/Core/App.php(904): App::_checkFatalError()
#4 [internal function]: App::shutdown()
#5 {main}
2015-08-26 18:10:38 Error: [MissingActionException] Action PostsController::1() could not be found.
Exception Attributes: array (
  'controller' => 'PostsController',
  'action' => '1',
)
Request URL: /cookbook/posts/1.xml
Stack Trace:
#0 /opt/lampp/htdocs/cookbook/lib/Cake/Routing/Dispatcher.php(193): Controller->invokeAction(Object(CakeRequest))
#1 /opt/lampp/htdocs/cookbook/lib/Cake/Routing/Dispatcher.php(167): Dispatcher->_invoke(Object(PostsController), Object(CakeRequest))
#2 /opt/lampp/htdocs/cookbook/app/webroot/index.php(108): Dispatcher->dispatch(Object(CakeRequest), Object(CakeResponse))
#3 {main}
2015-08-26 18:25:11 Error: [MissingViewException] View file "/opt/lampp/htdocs/cookbook/app/View/Posts/json/index.ctp" is missing.
Exception Attributes: array (
  'file' => '/opt/lampp/htdocs/cookbook/app/View/Posts/json/index.ctp',
)
Request URL: /cookbook/posts/index.json
Stack Trace:
#0 /opt/lampp/htdocs/cookbook/lib/Cake/View/JsonView.php(107): View->_getViewFileName(NULL)
#1 /opt/lampp/htdocs/cookbook/lib/Cake/Controller/Controller.php(959): JsonView->render(NULL, NULL)
#2 /opt/lampp/htdocs/cookbook/lib/Cake/Routing/Dispatcher.php(200): Controller->render()
#3 /opt/lampp/htdocs/cookbook/lib/Cake/Routing/Dispatcher.php(167): Dispatcher->_invoke(Object(PostsController), Object(CakeRequest))
#4 /opt/lampp/htdocs/cookbook/app/webroot/index.php(108): Dispatcher->dispatch(Object(CakeRequest), Object(CakeResponse))
#5 {main}
2015-08-26 18:25:26 Error: [MissingViewException] View file "/opt/lampp/htdocs/cookbook/app/View/Posts/index.ctp" is missing.
Exception Attributes: array (
  'file' => '/opt/lampp/htdocs/cookbook/app/View/Posts/index.ctp',
)
Request URL: /cookbook/posts/
Stack Trace:
#0 /opt/lampp/htdocs/cookbook/lib/Cake/View/View.php(470): View->_getViewFileName(NULL)
#1 /opt/lampp/htdocs/cookbook/lib/Cake/Controller/Controller.php(959): View->render(NULL, NULL)
#2 /opt/lampp/htdocs/cookbook/lib/Cake/Routing/Dispatcher.php(200): Controller->render()
#3 /opt/lampp/htdocs/cookbook/lib/Cake/Routing/Dispatcher.php(167): Dispatcher->_invoke(Object(PostsController), Object(CakeRequest))
#4 /opt/lampp/htdocs/cookbook/app/webroot/index.php(108): Dispatcher->dispatch(Object(CakeRequest), Object(CakeResponse))
#5 {main}
2015-08-26 18:34:34 Error: [MissingViewException] View file "/opt/lampp/htdocs/cookbook/app/View/Posts/index.ctp" is missing.
Exception Attributes: array (
  'file' => '/opt/lampp/htdocs/cookbook/app/View/Posts/index.ctp',
)
Request URL: /cookbook/posts/
Stack Trace:
#0 /opt/lampp/htdocs/cookbook/lib/Cake/View/View.php(470): View->_getViewFileName(NULL)
#1 /opt/lampp/htdocs/cookbook/lib/Cake/Controller/Controller.php(959): View->render(NULL, NULL)
#2 /opt/lampp/htdocs/cookbook/lib/Cake/Routing/Dispatcher.php(200): Controller->render()
#3 /opt/lampp/htdocs/cookbook/lib/Cake/Routing/Dispatcher.php(167): Dispatcher->_invoke(Object(PostsController), Object(CakeRequest))
#4 /opt/lampp/htdocs/cookbook/app/webroot/index.php(108): Dispatcher->dispatch(Object(CakeRequest), Object(CakeResponse))
#5 {main}
2015-08-26 21:25:23 Error: [MissingActionException] Action PostsController::1() could not be found.
Exception Attributes: array (
  'controller' => 'PostsController',
  'action' => '1',
)
Request URL: /cookbook/posts/1.xml
Stack Trace:
#0 /opt/lampp/htdocs/cookbook/lib/Cake/Routing/Dispatcher.php(193): Controller->invokeAction(Object(CakeRequest))
#1 /opt/lampp/htdocs/cookbook/lib/Cake/Routing/Dispatcher.php(167): Dispatcher->_invoke(Object(PostsController), Object(CakeRequest))
#2 /opt/lampp/htdocs/cookbook/app/webroot/index.php(108): Dispatcher->dispatch(Object(CakeRequest), Object(CakeResponse))
#3 {main}
2015-08-26 21:26:00 Error: [MissingActionException] Action PostsController::1() could not be found.
Exception Attributes: array (
  'controller' => 'PostsController',
  'action' => '1',
)
Request URL: /cookbook/posts/1.json
Stack Trace:
#0 /opt/lampp/htdocs/cookbook/lib/Cake/Routing/Dispatcher.php(193): Controller->invokeAction(Object(CakeRequest))
#1 /opt/lampp/htdocs/cookbook/lib/Cake/Routing/Dispatcher.php(167): Dispatcher->_invoke(Object(PostsController), Object(CakeRequest))
#2 /opt/lampp/htdocs/cookbook/app/webroot/index.php(108): Dispatcher->dispatch(Object(CakeRequest), Object(CakeResponse))
#3 {main}
2015-08-26 21:28:39 Error: [MissingActionException] Action PostsController::1() could not be found.
Exception Attributes: array (
  'controller' => 'PostsController',
  'action' => '1',
)
Request URL: /cookbook/posts/1.json
Stack Trace:
#0 /opt/lampp/htdocs/cookbook/lib/Cake/Routing/Dispatcher.php(193): Controller->invokeAction(Object(CakeRequest))
#1 /opt/lampp/htdocs/cookbook/lib/Cake/Routing/Dispatcher.php(167): Dispatcher->_invoke(Object(PostsController), Object(CakeRequest))
#2 /opt/lampp/htdocs/cookbook/app/webroot/index.php(108): Dispatcher->dispatch(Object(CakeRequest), Object(CakeResponse))
#3 {main}
2015-08-26 21:28:43 Error: [MissingActionException] Action PostsController::1() could not be found.
Exception Attributes: array (
  'controller' => 'PostsController',
  'action' => '1',
)
Request URL: /cookbook/posts/1.json
Stack Trace:
#0 /opt/lampp/htdocs/cookbook/lib/Cake/Routing/Dispatcher.php(193): Controller->invokeAction(Object(CakeRequest))
#1 /opt/lampp/htdocs/cookbook/lib/Cake/Routing/Dispatcher.php(167): Dispatcher->_invoke(Object(PostsController), Object(CakeRequest))
#2 /opt/lampp/htdocs/cookbook/app/webroot/index.php(108): Dispatcher->dispatch(Object(CakeRequest), Object(CakeResponse))
#3 {main}
2015-08-26 21:29:21 Error: [MissingActionException] Action PostsController::view.json() could not be found.
Exception Attributes: array (
  'controller' => 'PostsController',
  'action' => 'view.json',
)
Request URL: /cookbook/posts/view.json/1
Stack Trace:
#0 /opt/lampp/htdocs/cookbook/lib/Cake/Routing/Dispatcher.php(193): Controller->invokeAction(Object(CakeRequest))
#1 /opt/lampp/htdocs/cookbook/lib/Cake/Routing/Dispatcher.php(167): Dispatcher->_invoke(Object(PostsController), Object(CakeRequest))
#2 /opt/lampp/htdocs/cookbook/app/webroot/index.php(108): Dispatcher->dispatch(Object(CakeRequest), Object(CakeResponse))
#3 {main}
2015-08-26 21:29:37 Error: [MissingActionException] Action PostsController::1() could not be found.
Exception Attributes: array (
  'controller' => 'PostsController',
  'action' => '1',
)
Request URL: /cookbook/posts/1.json
Stack Trace:
#0 /opt/lampp/htdocs/cookbook/lib/Cake/Routing/Dispatcher.php(193): Controller->invokeAction(Object(CakeRequest))
#1 /opt/lampp/htdocs/cookbook/lib/Cake/Routing/Dispatcher.php(167): Dispatcher->_invoke(Object(PostsController), Object(CakeRequest))
#2 /opt/lampp/htdocs/cookbook/app/webroot/index.php(108): Dispatcher->dispatch(Object(CakeRequest), Object(CakeResponse))
#3 {main}
2015-08-26 21:31:21 Error: [MissingActionException] Action PostsController::1() could not be found.
Exception Attributes: array (
  'controller' => 'PostsController',
  'action' => '1',
)
Request URL: /cookbook/posts/1.json
Stack Trace:
#0 /opt/lampp/htdocs/cookbook/lib/Cake/Routing/Dispatcher.php(193): Controller->invokeAction(Object(CakeRequest))
#1 /opt/lampp/htdocs/cookbook/lib/Cake/Routing/Dispatcher.php(167): Dispatcher->_invoke(Object(PostsController), Object(CakeRequest))
#2 /opt/lampp/htdocs/cookbook/app/webroot/index.php(108): Dispatcher->dispatch(Object(CakeRequest), Object(CakeResponse))
#3 {main}
2015-08-26 21:31:22 Error: [MissingActionException] Action PostsController::1() could not be found.
Exception Attributes: array (
  'controller' => 'PostsController',
  'action' => '1',
)
Request URL: /cookbook/posts/1.json
Stack Trace:
#0 /opt/lampp/htdocs/cookbook/lib/Cake/Routing/Dispatcher.php(193): Controller->invokeAction(Object(CakeRequest))
#1 /opt/lampp/htdocs/cookbook/lib/Cake/Routing/Dispatcher.php(167): Dispatcher->_invoke(Object(PostsController), Object(CakeRequest))
#2 /opt/lampp/htdocs/cookbook/app/webroot/index.php(108): Dispatcher->dispatch(Object(CakeRequest), Object(CakeResponse))
#3 {main}
2015-08-26 21:32:44 Error: [MissingActionException] Action PostsController::1() could not be found.
Exception Attributes: array (
  'controller' => 'PostsController',
  'action' => '1',
)
Request URL: /cookbook/posts/1.json
Stack Trace:
#0 /opt/lampp/htdocs/cookbook/lib/Cake/Routing/Dispatcher.php(193): Controller->invokeAction(Object(CakeRequest))
#1 /opt/lampp/htdocs/cookbook/lib/Cake/Routing/Dispatcher.php(167): Dispatcher->_invoke(Object(PostsController), Object(CakeRequest))
#2 /opt/lampp/htdocs/cookbook/app/webroot/index.php(108): Dispatcher->dispatch(Object(CakeRequest), Object(CakeResponse))
#3 {main}
2015-08-26 21:35:26 Error: [MissingActionException] Action PostsController::1() could not be found.
Exception Attributes: array (
  'controller' => 'PostsController',
  'action' => '1',
)
Request URL: /cookbook/posts/1.json
Stack Trace:
#0 /opt/lampp/htdocs/cookbook/lib/Cake/Routing/Dispatcher.php(193): Controller->invokeAction(Object(CakeRequest))
#1 /opt/lampp/htdocs/cookbook/lib/Cake/Routing/Dispatcher.php(167): Dispatcher->_invoke(Object(PostsController), Object(CakeRequest))
#2 /opt/lampp/htdocs/cookbook/app/webroot/index.php(108): Dispatcher->dispatch(Object(CakeRequest), Object(CakeResponse))
#3 {main}
2015-08-26 22:54:45 Error: [MissingActionException] Action PostsController::3.son() could not be found.
Exception Attributes: array (
  'controller' => 'PostsController',
  'action' => '3.son',
)
Request URL: /cookbook/posts/3.son
Stack Trace:
#0 /opt/lampp/htdocs/cookbook/lib/Cake/Routing/Dispatcher.php(193): Controller->invokeAction(Object(CakeRequest))
#1 /opt/lampp/htdocs/cookbook/lib/Cake/Routing/Dispatcher.php(167): Dispatcher->_invoke(Object(PostsController), Object(CakeRequest))
#2 /opt/lampp/htdocs/cookbook/app/webroot/index.php(108): Dispatcher->dispatch(Object(CakeRequest), Object(CakeResponse))
#3 {main}
2015-08-27 18:46:51 Error: [MissingActionException] Action ClientController::index() could not be found.
Exception Attributes: array (
  'controller' => 'ClientController',
  'action' => 'index',
)
Request URL: /cookbook/client
Stack Trace:
#0 /opt/lampp/htdocs/cookbook/lib/Cake/Routing/Dispatcher.php(193): Controller->invokeAction(Object(CakeRequest))
#1 /opt/lampp/htdocs/cookbook/lib/Cake/Routing/Dispatcher.php(167): Dispatcher->_invoke(Object(ClientController), Object(CakeRequest))
#2 /opt/lampp/htdocs/cookbook/app/webroot/index.php(108): Dispatcher->dispatch(Object(CakeRequest), Object(CakeResponse))
#3 {main}
2015-08-27 18:51:38 Error: [MissingViewException] View file "/opt/lampp/htdocs/cookbook/app/View/Client/index.ctp" is missing.
Exception Attributes: array (
  'file' => '/opt/lampp/htdocs/cookbook/app/View/Client/index.ctp',
)
Request URL: /cookbook/client
Stack Trace:
#0 /opt/lampp/htdocs/cookbook/lib/Cake/View/View.php(470): View->_getViewFileName(NULL)
#1 /opt/lampp/htdocs/cookbook/lib/Cake/Controller/Controller.php(959): View->render(NULL, NULL)
#2 /opt/lampp/htdocs/cookbook/lib/Cake/Routing/Dispatcher.php(200): Controller->render()
#3 /opt/lampp/htdocs/cookbook/lib/Cake/Routing/Dispatcher.php(167): Dispatcher->_invoke(Object(ClientController), Object(CakeRequest))
#4 /opt/lampp/htdocs/cookbook/app/webroot/index.php(108): Dispatcher->dispatch(Object(CakeRequest), Object(CakeResponse))
#5 {main}
2015-08-27 18:52:48 Error: [MissingControllerException] Controller class RestPhonesController could not be found.
Exception Attributes: array (
  'class' => 'RestPhonesController',
  'plugin' => NULL,
)
Request URL: /cookbook/rest_phones.json
Stack Trace:
#0 /opt/lampp/htdocs/cookbook/app/webroot/index.php(108): Dispatcher->dispatch(Object(CakeRequest), Object(CakeResponse))
#1 {main}
2015-08-27 18:52:49 Error: [MissingViewException] View file "/opt/lampp/htdocs/cookbook/app/View/Client/request_response.ctp" is missing.
Exception Attributes: array (
  'file' => '/opt/lampp/htdocs/cookbook/app/View/Client/request_response.ctp',
)
Request URL: /cookbook/client
Stack Trace:
#0 /opt/lampp/htdocs/cookbook/lib/Cake/View/View.php(470): View->_getViewFileName('/Client/request...')
#1 /opt/lampp/htdocs/cookbook/lib/Cake/Controller/Controller.php(959): View->render('/Client/request...', NULL)
#2 /opt/lampp/htdocs/cookbook/app/Controller/ClientController.php(31): Controller->render('/Client/request...')
#3 [internal function]: ClientController->index()
#4 /opt/lampp/htdocs/cookbook/lib/Cake/Controller/Controller.php(490): ReflectionMethod->invokeArgs(Object(ClientController), Array)
#5 /opt/lampp/htdocs/cookbook/lib/Cake/Routing/Dispatcher.php(193): Controller->invokeAction(Object(CakeRequest))
#6 /opt/lampp/htdocs/cookbook/lib/Cake/Routing/Dispatcher.php(167): Dispatcher->_invoke(Object(ClientController), Object(CakeRequest))
#7 /opt/lampp/htdocs/cookbook/app/webroot/index.php(108): Dispatcher->dispatch(Object(CakeRequest), Object(CakeResponse))
#8 {main}
2015-08-27 18:54:11 Error: [MissingControllerException] Controller class RestPhonesController could not be found.
Exception Attributes: array (
  'class' => 'RestPhonesController',
  'plugin' => NULL,
)
Request URL: /cookbook/rest_phones.json
Stack Trace:
#0 /opt/lampp/htdocs/cookbook/app/webroot/index.php(108): Dispatcher->dispatch(Object(CakeRequest), Object(CakeResponse))
#1 {main}
2015-08-27 18:54:11 Error: [MissingViewException] View file "/opt/lampp/htdocs/cookbook/app/View/Client/request_response.ctp" is missing.
Exception Attributes: array (
  'file' => '/opt/lampp/htdocs/cookbook/app/View/Client/request_response.ctp',
)
Request URL: /cookbook/client
Stack Trace:
#0 /opt/lampp/htdocs/cookbook/lib/Cake/View/View.php(470): View->_getViewFileName('/Client/request...')
#1 /opt/lampp/htdocs/cookbook/lib/Cake/Controller/Controller.php(959): View->render('/Client/request...', NULL)
#2 /opt/lampp/htdocs/cookbook/app/Controller/ClientController.php(31): Controller->render('/Client/request...')
#3 [internal function]: ClientController->index()
#4 /opt/lampp/htdocs/cookbook/lib/Cake/Controller/Controller.php(490): ReflectionMethod->invokeArgs(Object(ClientController), Array)
#5 /opt/lampp/htdocs/cookbook/lib/Cake/Routing/Dispatcher.php(193): Controller->invokeAction(Object(CakeRequest))
#6 /opt/lampp/htdocs/cookbook/lib/Cake/Routing/Dispatcher.php(167): Dispatcher->_invoke(Object(ClientController), Object(CakeRequest))
#7 /opt/lampp/htdocs/cookbook/app/webroot/index.php(108): Dispatcher->dispatch(Object(CakeRequest), Object(CakeResponse))
#8 {main}
2015-08-27 18:55:43 Error: [MissingControllerException] Controller class RestPhonesController could not be found.
Exception Attributes: array (
  'class' => 'RestPhonesController',
  'plugin' => NULL,
)
Request URL: /cookbook/rest_phones.json
Stack Trace:
#0 /opt/lampp/htdocs/cookbook/app/webroot/index.php(108): Dispatcher->dispatch(Object(CakeRequest), Object(CakeResponse))
#1 {main}
2015-08-27 18:56:39 Error: [MissingControllerException] Controller class RestPhonesController could not be found.
Exception Attributes: array (
  'class' => 'RestPhonesController',
  'plugin' => NULL,
)
Request URL: /cookbook/rest_phones.json
Stack Trace:
#0 /opt/lampp/htdocs/cookbook/app/webroot/index.php(108): Dispatcher->dispatch(Object(CakeRequest), Object(CakeResponse))
#1 {main}
2015-08-27 20:05:57 Error: [MissingActionException] Action ClientController::3() could not be found.
Exception Attributes: array (
  'controller' => 'ClientController',
  'action' => '3',
)
Request URL: /cookbook/client/3.json
Stack Trace:
#0 /opt/lampp/htdocs/cookbook/lib/Cake/Routing/Dispatcher.php(193): Controller->invokeAction(Object(CakeRequest))
#1 /opt/lampp/htdocs/cookbook/lib/Cake/Routing/Dispatcher.php(167): Dispatcher->_invoke(Object(ClientController), Object(CakeRequest))
#2 /opt/lampp/htdocs/cookbook/app/webroot/index.php(108): Dispatcher->dispatch(Object(CakeRequest), Object(CakeResponse))
#3 {main}
2015-08-27 20:08:10 Error: [MissingActionException] Action ClientController::4() could not be found.
Exception Attributes: array (
  'controller' => 'ClientController',
  'action' => '4',
)
Request URL: /cookbook/client/4.json
Stack Trace:
#0 /opt/lampp/htdocs/cookbook/lib/Cake/Routing/Dispatcher.php(193): Controller->invokeAction(Object(CakeRequest))
#1 /opt/lampp/htdocs/cookbook/lib/Cake/Routing/Dispatcher.php(167): Dispatcher->_invoke(Object(ClientController), Object(CakeRequest))
#2 /opt/lampp/htdocs/cookbook/app/webroot/index.php(108): Dispatcher->dispatch(Object(CakeRequest), Object(CakeResponse))
#3 {main}
2015-08-27 20:09:04 Error: [MissingActionException] Action ClientController::4() could not be found.
Exception Attributes: array (
  'controller' => 'ClientController',
  'action' => '4',
)
Request URL: /cookbook/client/4.json
Stack Trace:
#0 /opt/lampp/htdocs/cookbook/lib/Cake/Routing/Dispatcher.php(193): Controller->invokeAction(Object(CakeRequest))
#1 /opt/lampp/htdocs/cookbook/lib/Cake/Routing/Dispatcher.php(167): Dispatcher->_invoke(Object(ClientController), Object(CakeRequest))
#2 /opt/lampp/htdocs/cookbook/app/webroot/index.php(108): Dispatcher->dispatch(Object(CakeRequest), Object(CakeResponse))
#3 {main}
2015-08-27 20:09:15 Error: [BadRequestException] The request has been black-holed
Request URL: /cookbook/client/4.json
Stack Trace:
#0 /opt/lampp/htdocs/cookbook/lib/Cake/Controller/Component/SecurityComponent.php(239): SecurityComponent->blackHole(Object(ClientController), 'auth')
#1 [internal function]: SecurityComponent->startup(Object(ClientController))
#2 /opt/lampp/htdocs/cookbook/lib/Cake/Utility/ObjectCollection.php(128): call_user_func_array(Array, Array)
#3 [internal function]: ObjectCollection->trigger(Object(CakeEvent))
#4 /opt/lampp/htdocs/cookbook/lib/Cake/Event/CakeEventManager.php(243): call_user_func(Array, Object(CakeEvent))
#5 /opt/lampp/htdocs/cookbook/lib/Cake/Controller/Controller.php(677): CakeEventManager->dispatch(Object(CakeEvent))
#6 /opt/lampp/htdocs/cookbook/lib/Cake/Routing/Dispatcher.php(189): Controller->startupProcess()
#7 /opt/lampp/htdocs/cookbook/lib/Cake/Routing/Dispatcher.php(167): Dispatcher->_invoke(Object(ClientController), Object(CakeRequest))
#8 /opt/lampp/htdocs/cookbook/app/webroot/index.php(108): Dispatcher->dispatch(Object(CakeRequest), Object(CakeResponse))
#9 {main}
2015-08-27 20:10:11 Error: [BadRequestException] The request has been black-holed
Request URL: /cookbook/client/4.json
Stack Trace:
#0 /opt/lampp/htdocs/cookbook/lib/Cake/Controller/Component/SecurityComponent.php(239): SecurityComponent->blackHole(Object(ClientController), 'auth')
#1 [internal function]: SecurityComponent->startup(Object(ClientController))
#2 /opt/lampp/htdocs/cookbook/lib/Cake/Utility/ObjectCollection.php(128): call_user_func_array(Array, Array)
#3 [internal function]: ObjectCollection->trigger(Object(CakeEvent))
#4 /opt/lampp/htdocs/cookbook/lib/Cake/Event/CakeEventManager.php(243): call_user_func(Array, Object(CakeEvent))
#5 /opt/lampp/htdocs/cookbook/lib/Cake/Controller/Controller.php(677): CakeEventManager->dispatch(Object(CakeEvent))
#6 /opt/lampp/htdocs/cookbook/lib/Cake/Routing/Dispatcher.php(189): Controller->startupProcess()
#7 /opt/lampp/htdocs/cookbook/lib/Cake/Routing/Dispatcher.php(167): Dispatcher->_invoke(Object(ClientController), Object(CakeRequest))
#8 /opt/lampp/htdocs/cookbook/app/webroot/index.php(108): Dispatcher->dispatch(Object(CakeRequest), Object(CakeResponse))
#9 {main}
2015-08-27 20:11:58 Error: [BadRequestException] The request has been black-holed
Request URL: /cookbook/client
Stack Trace:
#0 /opt/lampp/htdocs/cookbook/lib/Cake/Controller/Component/SecurityComponent.php(242): SecurityComponent->blackHole(Object(ClientController), 'csrf')
#1 [internal function]: SecurityComponent->startup(Object(ClientController))
#2 /opt/lampp/htdocs/cookbook/lib/Cake/Utility/ObjectCollection.php(128): call_user_func_array(Array, Array)
#3 [internal function]: ObjectCollection->trigger(Object(CakeEvent))
#4 /opt/lampp/htdocs/cookbook/lib/Cake/Event/CakeEventManager.php(243): call_user_func(Array, Object(CakeEvent))
#5 /opt/lampp/htdocs/cookbook/lib/Cake/Controller/Controller.php(677): CakeEventManager->dispatch(Object(CakeEvent))
#6 /opt/lampp/htdocs/cookbook/lib/Cake/Routing/Dispatcher.php(189): Controller->startupProcess()
#7 /opt/lampp/htdocs/cookbook/lib/Cake/Routing/Dispatcher.php(167): Dispatcher->_invoke(Object(ClientController), Object(CakeRequest))
#8 /opt/lampp/htdocs/cookbook/app/webroot/index.php(108): Dispatcher->dispatch(Object(CakeRequest), Object(CakeResponse))
#9 {main}
2015-08-27 20:13:40 Error: [MissingActionException] Action ClientController::3() could not be found.
Exception Attributes: array (
  'controller' => 'ClientController',
  'action' => '3',
)
Request URL: /cookbook/client/3.json
Stack Trace:
#0 /opt/lampp/htdocs/cookbook/lib/Cake/Routing/Dispatcher.php(193): Controller->invokeAction(Object(CakeRequest))
#1 /opt/lampp/htdocs/cookbook/lib/Cake/Routing/Dispatcher.php(167): Dispatcher->_invoke(Object(ClientController), Object(CakeRequest))
#2 /opt/lampp/htdocs/cookbook/app/webroot/index.php(108): Dispatcher->dispatch(Object(CakeRequest), Object(CakeResponse))
#3 {main}
2015-08-27 20:14:30 Error: Fatal Error (1): Unsupported operand types in [/opt/lampp/htdocs/cookbook/lib/Cake/Routing/Router.php, line 538]
2015-08-27 20:14:30 Error: [FatalErrorException] Unsupported operand types
Request URL: /cookbook/client/3.json
Stack Trace:
#0 /opt/lampp/htdocs/cookbook/lib/Cake/Error/ErrorHandler.php(203): ErrorHandler::handleFatalError(1, 'Unsupported ope...', '/opt/lampp/htdo...', 538)
#1 [internal function]: ErrorHandler::handleError(1, 'Unsupported ope...', '/opt/lampp/htdo...', 538, Array)
#2 /opt/lampp/htdocs/cookbook/lib/Cake/Core/App.php(931): call_user_func('ErrorHandler::h...', 1, 'Unsupported ope...', '/opt/lampp/htdo...', 538, Array)
#3 /opt/lampp/htdocs/cookbook/lib/Cake/Core/App.php(904): App::_checkFatalError()
#4 [internal function]: App::shutdown()
#5 {main}
2015-08-27 20:15:01 Error: [MissingControllerException] Controller class {$id}Controller could not be found.
Exception Attributes: array (
  'class' => '{$id}Controller',
  'plugin' => NULL,
)
Request URL: /cookbook/{$id}.json
Stack Trace:
#0 /opt/lampp/htdocs/cookbook/app/webroot/index.php(108): Dispatcher->dispatch(Object(CakeRequest), Object(CakeResponse))
#1 {main}
2015-08-27 20:16:33 Error: [MissingControllerException] Controller class 3jsonController could not be found.
Exception Attributes: array (
  'class' => '3jsonController',
  'plugin' => NULL,
)
Request URL: /cookbook/3json
Stack Trace:
#0 /opt/lampp/htdocs/cookbook/app/webroot/index.php(108): Dispatcher->dispatch(Object(CakeRequest), Object(CakeResponse))
#1 {main}
2015-08-27 20:17:49 Error: [MissingControllerException] Controller class 3Controller could not be found.
Exception Attributes: array (
  'class' => '3Controller',
  'plugin' => NULL,
)
Request URL: /cookbook/3.json
Stack Trace:
#0 /opt/lampp/htdocs/cookbook/app/webroot/index.php(108): Dispatcher->dispatch(Object(CakeRequest), Object(CakeResponse))
#1 {main}
2015-08-27 20:18:37 Error: [MissingControllerException] Controller class 3Controller could not be found.
Exception Attributes: array (
  'class' => '3Controller',
  'plugin' => NULL,
)
Request URL: /cookbook/3.json
Stack Trace:
#0 /opt/lampp/htdocs/cookbook/app/webroot/index.php(108): Dispatcher->dispatch(Object(CakeRequest), Object(CakeResponse))
#1 {main}
2015-08-27 20:22:04 Error: [MissingControllerException] Controller class Posts3Controller could not be found.
Exception Attributes: array (
  'class' => 'Posts3Controller',
  'plugin' => NULL,
)
Request URL: /cookbook/posts3.json
Stack Trace:
#0 /opt/lampp/htdocs/cookbook/app/webroot/index.php(108): Dispatcher->dispatch(Object(CakeRequest), Object(CakeResponse))
#1 {main}
2015-08-27 20:50:31 Error: [MissingActionException] Action PostsController::add() could not be found.
Exception Attributes: array (
  'controller' => 'PostsController',
  'action' => 'add',
)
Request URL: /cookbook/posts.json
Stack Trace:
#0 /opt/lampp/htdocs/cookbook/lib/Cake/Routing/Dispatcher.php(193): Controller->invokeAction(Object(CakeRequest))
#1 /opt/lampp/htdocs/cookbook/lib/Cake/Routing/Dispatcher.php(167): Dispatcher->_invoke(Object(PostsController), Object(CakeRequest))
#2 /opt/lampp/htdocs/cookbook/app/webroot/index.php(108): Dispatcher->dispatch(Object(CakeRequest), Object(CakeResponse))
#3 {main}
2015-08-27 20:51:43 Error: [MissingActionException] Action PostsController::add() could not be found.
Exception Attributes: array (
  'controller' => 'PostsController',
  'action' => 'add',
)
Request URL: /cookbook/posts.json
Stack Trace:
#0 /opt/lampp/htdocs/cookbook/lib/Cake/Routing/Dispatcher.php(193): Controller->invokeAction(Object(CakeRequest))
#1 /opt/lampp/htdocs/cookbook/lib/Cake/Routing/Dispatcher.php(167): Dispatcher->_invoke(Object(PostsController), Object(CakeRequest))
#2 /opt/lampp/htdocs/cookbook/app/webroot/index.php(108): Dispatcher->dispatch(Object(CakeRequest), Object(CakeResponse))
#3 {main}
2015-08-27 21:13:59 Error: [BadRequestException] The request has been black-holed
Request URL: /cookbook/client/3.json
Stack Trace:
#0 /opt/lampp/htdocs/cookbook/lib/Cake/Controller/Component/SecurityComponent.php(239): SecurityComponent->blackHole(Object(ClientController), 'auth')
#1 [internal function]: SecurityComponent->startup(Object(ClientController))
#2 /opt/lampp/htdocs/cookbook/lib/Cake/Utility/ObjectCollection.php(128): call_user_func_array(Array, Array)
#3 [internal function]: ObjectCollection->trigger(Object(CakeEvent))
#4 /opt/lampp/htdocs/cookbook/lib/Cake/Event/CakeEventManager.php(243): call_user_func(Array, Object(CakeEvent))
#5 /opt/lampp/htdocs/cookbook/lib/Cake/Controller/Controller.php(677): CakeEventManager->dispatch(Object(CakeEvent))
#6 /opt/lampp/htdocs/cookbook/lib/Cake/Routing/Dispatcher.php(189): Controller->startupProcess()
#7 /opt/lampp/htdocs/cookbook/lib/Cake/Routing/Dispatcher.php(167): Dispatcher->_invoke(Object(ClientController), Object(CakeRequest))
#8 /opt/lampp/htdocs/cookbook/app/webroot/index.php(108): Dispatcher->dispatch(Object(CakeRequest), Object(CakeResponse))
#9 {main}
2015-08-27 22:02:11 Error: [BadRequestException] The request has been black-holed
Request URL: /cookbook/client/3.json
Stack Trace:
#0 /opt/lampp/htdocs/cookbook/lib/Cake/Controller/Component/SecurityComponent.php(239): SecurityComponent->blackHole(Object(ClientController), 'auth')
#1 [internal function]: SecurityComponent->startup(Object(ClientController))
#2 /opt/lampp/htdocs/cookbook/lib/Cake/Utility/ObjectCollection.php(128): call_user_func_array(Array, Array)
#3 [internal function]: ObjectCollection->trigger(Object(CakeEvent))
#4 /opt/lampp/htdocs/cookbook/lib/Cake/Event/CakeEventManager.php(243): call_user_func(Array, Object(CakeEvent))
#5 /opt/lampp/htdocs/cookbook/lib/Cake/Controller/Controller.php(677): CakeEventManager->dispatch(Object(CakeEvent))
#6 /opt/lampp/htdocs/cookbook/lib/Cake/Routing/Dispatcher.php(189): Controller->startupProcess()
#7 /opt/lampp/htdocs/cookbook/lib/Cake/Routing/Dispatcher.php(167): Dispatcher->_invoke(Object(ClientController), Object(CakeRequest))
#8 /opt/lampp/htdocs/cookbook/app/webroot/index.php(108): Dispatcher->dispatch(Object(CakeRequest), Object(CakeResponse))
#9 {main}
2015-08-27 22:02:27 Error: [BadRequestException] The request has been black-holed
Request URL: /cookbook/client/3.json
Stack Trace:
#0 /opt/lampp/htdocs/cookbook/lib/Cake/Controller/Component/SecurityComponent.php(242): SecurityComponent->blackHole(Object(ClientController), 'csrf')
#1 [internal function]: SecurityComponent->startup(Object(ClientController))
#2 /opt/lampp/htdocs/cookbook/lib/Cake/Utility/ObjectCollection.php(128): call_user_func_array(Array, Array)
#3 [internal function]: ObjectCollection->trigger(Object(CakeEvent))
#4 /opt/lampp/htdocs/cookbook/lib/Cake/Event/CakeEventManager.php(243): call_user_func(Array, Object(CakeEvent))
#5 /opt/lampp/htdocs/cookbook/lib/Cake/Controller/Controller.php(677): CakeEventManager->dispatch(Object(CakeEvent))
#6 /opt/lampp/htdocs/cookbook/lib/Cake/Routing/Dispatcher.php(189): Controller->startupProcess()
#7 /opt/lampp/htdocs/cookbook/lib/Cake/Routing/Dispatcher.php(167): Dispatcher->_invoke(Object(ClientController), Object(CakeRequest))
#8 /opt/lampp/htdocs/cookbook/app/webroot/index.php(108): Dispatcher->dispatch(Object(CakeRequest), Object(CakeResponse))
#9 {main}
2015-08-27 22:02:52 Error: [BadRequestException] The request has been black-holed
Request URL: /cookbook/client/3.json
Stack Trace:
#0 /opt/lampp/htdocs/cookbook/lib/Cake/Controller/Component/SecurityComponent.php(242): SecurityComponent->blackHole(Object(ClientController), 'csrf')
#1 [internal function]: SecurityComponent->startup(Object(ClientController))
#2 /opt/lampp/htdocs/cookbook/lib/Cake/Utility/ObjectCollection.php(128): call_user_func_array(Array, Array)
#3 [internal function]: ObjectCollection->trigger(Object(CakeEvent))
#4 /opt/lampp/htdocs/cookbook/lib/Cake/Event/CakeEventManager.php(243): call_user_func(Array, Object(CakeEvent))
#5 /opt/lampp/htdocs/cookbook/lib/Cake/Controller/Controller.php(677): CakeEventManager->dispatch(Object(CakeEvent))
#6 /opt/lampp/htdocs/cookbook/lib/Cake/Routing/Dispatcher.php(189): Controller->startupProcess()
#7 /opt/lampp/htdocs/cookbook/lib/Cake/Routing/Dispatcher.php(167): Dispatcher->_invoke(Object(ClientController), Object(CakeRequest))
#8 /opt/lampp/htdocs/cookbook/app/webroot/index.php(108): Dispatcher->dispatch(Object(CakeRequest), Object(CakeResponse))
#9 {main}
2015-08-27 22:05:01 Error: [BadRequestException] The request has been black-holed
Request URL: /cookbook/client/3.json
Stack Trace:
#0 /opt/lampp/htdocs/cookbook/lib/Cake/Controller/Component/SecurityComponent.php(242): SecurityComponent->blackHole(Object(ClientController), 'csrf')
#1 [internal function]: SecurityComponent->startup(Object(ClientController))
#2 /opt/lampp/htdocs/cookbook/lib/Cake/Utility/ObjectCollection.php(128): call_user_func_array(Array, Array)
#3 [internal function]: ObjectCollection->trigger(Object(CakeEvent))
#4 /opt/lampp/htdocs/cookbook/lib/Cake/Event/CakeEventManager.php(243): call_user_func(Array, Object(CakeEvent))
#5 /opt/lampp/htdocs/cookbook/lib/Cake/Controller/Controller.php(677): CakeEventManager->dispatch(Object(CakeEvent))
#6 /opt/lampp/htdocs/cookbook/lib/Cake/Routing/Dispatcher.php(189): Controller->startupProcess()
#7 /opt/lampp/htdocs/cookbook/lib/Cake/Routing/Dispatcher.php(167): Dispatcher->_invoke(Object(ClientController), Object(CakeRequest))
#8 /opt/lampp/htdocs/cookbook/app/webroot/index.php(108): Dispatcher->dispatch(Object(CakeRequest), Object(CakeResponse))
#9 {main}
2015-08-27 22:07:07 Error: [MissingActionException] Action ClientController::1() could not be found.
Exception Attributes: array (
  'controller' => 'ClientController',
  'action' => '1',
)
Request URL: /cookbook/client/1/edit.json
Stack Trace:
#0 /opt/lampp/htdocs/cookbook/lib/Cake/Routing/Dispatcher.php(193): Controller->invokeAction(Object(CakeRequest))
#1 /opt/lampp/htdocs/cookbook/lib/Cake/Routing/Dispatcher.php(167): Dispatcher->_invoke(Object(ClientController), Object(CakeRequest))
#2 /opt/lampp/htdocs/cookbook/app/webroot/index.php(108): Dispatcher->dispatch(Object(CakeRequest), Object(CakeResponse))
#3 {main}
